<?xml version="1.0" encoding="UTF-8"?>
<testng-results skipped="0" failed="0" ignored="0" total="3" passed="3">
  <reporter-output>
  </reporter-output>
  <suite name="ReverseStringWTest" duration-ms="77" started-at="2020-03-30T18:34:06Z" finished-at="2020-03-30T18:34:06Z">
    <groups>
    </groups>
    <test name="Command line test" duration-ms="77" started-at="2020-03-30T18:34:06Z" finished-at="2020-03-30T18:34:06Z">
      <class name="ReverseStringWTest">
        <test-method status="PASS" signature="inValidString()[pri:0, instance:ReverseStringWTest@2acf57e3]" name="inValidString" duration-ms="14" started-at="2020-03-30T18:34:06Z" finished-at="2020-03-30T18:34:06Z">
          <reporter-output>
          </reporter-output>
        </test-method> <!-- inValidString -->
        <test-method status="PASS" signature="nullString()[pri:0, instance:ReverseStringWTest@2acf57e3]" name="nullString" duration-ms="0" started-at="2020-03-30T18:34:06Z" finished-at="2020-03-30T18:34:06Z">
          <reporter-output>
          </reporter-output>
        </test-method> <!-- nullString -->
        <test-method status="PASS" signature="validString()[pri:0, instance:ReverseStringWTest@2acf57e3]" name="validString" duration-ms="2" started-at="2020-03-30T18:34:06Z" finished-at="2020-03-30T18:34:06Z">
          <reporter-output>
          </reporter-output>
        </test-method> <!-- validString -->
      </class> <!-- ReverseStringWTest -->
    </test> <!-- Command line test -->
  </suite> <!-- ReverseStringWTest -->
</testng-results>
